  Processing .\ActiveXCPP2.idl
  ActiveXCPP2.idl
  Processing C:\Program Files\Windows Kits\10\Include\10.0.17763.0\um\oaidl.idl
  oaidl.idl
  Processing C:\Program Files\Windows Kits\10\Include\10.0.17763.0\um\objidl.idl
  objidl.idl
  Processing C:\Program Files\Windows Kits\10\Include\10.0.17763.0\um\unknwn.idl
  unknwn.idl
  Processing C:\Program Files\Windows Kits\10\Include\10.0.17763.0\shared\wtypes.idl
  wtypes.idl
  Processing C:\Program Files\Windows Kits\10\Include\10.0.17763.0\shared\wtypesbase.idl
  wtypesbase.idl
  Processing C:\Program Files\Windows Kits\10\Include\10.0.17763.0\shared\basetsd.h
  basetsd.h
  Processing C:\Program Files\Windows Kits\10\Include\10.0.17763.0\shared\guiddef.h
  guiddef.h
  Processing C:\Program Files\Windows Kits\10\Include\10.0.17763.0\um\oaidl.acf
  oaidl.acf
  stdafx.cpp
  ActiveXCPP2.cpp
  ActiveXCPP2Ctrl.cpp
d:\3\osisp\activexcpp2\activexcpp2\activexcpp2ctrl.cpp(159): warning C4244: return: преобразование "double" в "LONG", возможна потеря данных
  ActiveXCPP2PropPage.cpp
  Создание кода...
     Создается библиотека D:\3\OSiSP\ActiveXCPP2\Debug\ActiveXCPP2.lib и объект D:\3\OSiSP\ActiveXCPP2\Debug\ActiveXCPP2.exp
  ActiveXCPP2.vcxproj -> D:\3\OSiSP\ActiveXCPP2\Debug\ActiveXCPP2.ocx
